core   0: 0x00001000 (0x00000297) auipc   x5, 0x0
core   0: 3 0x00001000 (0x00000297) x5  0x00001000
core   0: 0x00001004 (0x02028593) addi    x11, x5, 32
core   0: 3 0x00001004 (0x02028593) x11 0x00001020
core   0: 0x00001008 (0xf1402573) csrr    x10, mhartid
core   0: 3 0x00001008 (0xf1402573) x10 0x00000000
core   0: 0x0000100c (0x0182a283) lw      x5, 24(x5)
core   0: 3 0x0000100c (0x0182a283) x5  0x80000000 mem 0x00001018
core   0: 0x00001010 (0x00028067) jr      x5
core   0: 3 0x00001010 (0x00028067)
core   0: 0x80000000 (0x00004197) auipc   x3, 0x4
core   0: 3 0x80000000 (0x00004197) x3  0x80004000
core   0: 0x80000004 (0x80818193) addi    x3, x3, -2040
core   0: 3 0x80000004 (0x80818193) x3  0x80003808
core   0: 0x80000008 (0x02000e93) li      x29, 32
core   0: 3 0x80000008 (0x02000e93) x29 0x00000020
core   0: 0x8000000c (0x0d0efed7) vsetvli x29, x29, e32, m1, ta, ma
core   0: 3 0x8000000c (0x0d0efed7) x29 0x00000020 c8_vstart 0x00000000 c3104_vl 0x00000020 c3105_vtype 0x000000d0 c768_mstatus 0x80000600
core   0: 0x80000010 (0x00002eb7) lui     x29, 0x2
core   0: 3 0x80000010 (0x00002eb7) x29 0x00002000
core   0: 0x80000014 (0x300eaef3) csrrs   x29, mstatus, x29
core   0: 3 0x80000014 (0x300eaef3) x29 0x80000600 c768_mstatus 0x80006600
core   0: 0x80000018 (0x00000e93) li      x29, 0
core   0: 3 0x80000018 (0x00000e93) x29 0x00000000
core   0: 0x8000001c (0x80502373) csrr    x6, wid
core   0: 3 0x8000001c (0x80502373) x6  0x00000000
core   0: 0x80000020 (0x806023f3) csrr    x7, lds
core   0: 3 0x80000020 (0x806023f3) x7  0x70000000
core   0: 0x80000024 (0x40000e13) li      x28, 1024
core   0: 3 0x80000024 (0x40000e13) x28 0x00000400
core   0: 0x80000028 (0x03c30333) mul     x6, x6, x28
core   0: 3 0x80000028 (0x03c30333) x6  0x00000000
core   0: 0x8000002c (0x00730133) add     x2, x6, x7
core   0: 3 0x8000002c (0x00730133) x2  0x70000000
core   0: 0x80000030 (0x00000213) li      x4, 0
core   0: 3 0x80000030 (0x00000213) x4  0x00000000
core   0: 0x80000034 (0x80102f73) csrr    x30, numw
core   0: 3 0x80000034 (0x80102f73) x30 0x00000001
core   0: 0x80000038 (0x40000e13) li      x28, 1024
core   0: 3 0x80000038 (0x40000e13) x28 0x00000400
core   0: 0x8000003c (0x03cf0f33) mul     x30, x30, x28
core   0: 3 0x8000003c (0x03cf0f33) x30 0x00000400
core   0: 0x80000040 (0x01e38433) add     x8, x7, x30
core   0: 3 0x80000040 (0x01e38433) x8  0x70000400
core   0: 0x80000044 (0x00003517) auipc   x10, 0x3
core   0: 3 0x80000044 (0x00003517) x10 0x80003044
core   0: 0x80000048 (0xfc450513) addi    x10, x10, -60
core   0: 3 0x80000048 (0xfc450513) x10 0x80003008
core   0: 0x8000004c (0x00003617) auipc   x12, 0x3
core   0: 3 0x8000004c (0x00003617) x12 0x8000304c
core   0: 0x80000050 (0xfbc60613) addi    x12, x12, -68
core   0: 3 0x80000050 (0xfbc60613) x12 0x80003008
core   0: 0x80000054 (0x00c50863) beq     x10, x12, pc + 16
core   0: 3 0x80000054 (0x00c50863)
core   0: 0x80000064 (0x803022f3) csrr    x5, knl
core   0: 3 0x80000064 (0x803022f3) x5  0x90024000
core   0: 0x80000068 (0x0002a303) lw      x6, 0(x5)
core   0: 3 0x80000068 (0x0002a303) x6  0x800000b8 mem 0x90024000
core   0: 0x8000006c (0x0042a503) lw      x10, 4(x5)
core   0: 3 0x8000006c (0x0042a503) x10 0x90003000 mem 0x90024004
core   0: 0x80000070 (0x0302a383) lw      x7, 48(x5)
core   0: 3 0x80000070 (0x0302a383) x7  0x00000000 mem 0x90024030
core   0: 0x80000074 (0x0342ae03) lw      x28, 52(x5)
core   0: 3 0x80000074 (0x0342ae03) x28 0x00000000 mem 0x90024034
core   0: 0x80000078 (0x00003e97) auipc   x29, 0x3
core   0: 3 0x80000078 (0x00003e97) x29 0x80003078
core   0: 0x8000007c (0xf88e8e93) addi    x29, x29, -120
core   0: 3 0x8000007c (0xf88e8e93) x29 0x80003000
core   0: 0x80000080 (0x00003f17) auipc   x30, 0x3
core   0: 3 0x80000080 (0x00003f17) x30 0x80003080
core   0: 0x80000084 (0xf84f0f13) addi    x30, x30, -124
core   0: 3 0x80000084 (0xf84f0f13) x30 0x80003004
core   0: 0x80000088 (0x007ea023) sw      x7, 0(x29)
core   0: 3 0x80000088 (0x007ea023) mem 0x80003000 0x00000000
core   0: 0x8000008c (0x01cf2023) sw      x28, 0(x30)
core   0: 3 0x8000008c (0x01cf2023) mem 0x80003004 0x00000000
core   0: 0x80000090 (0x00000f97) auipc   x31, 0x0
core   0: 3 0x80000090 (0x00000f97) x31 0x80000090
core   0: 0x80000094 (0x018f8f93) addi    x31, x31, 24
core   0: 3 0x80000094 (0x018f8f93) x31 0x800000a8
core   0: 0x80000098 (0x305f9073) csrw    mtvec, x31
core   0: 3 0x80000098 (0x305f9073) c773_mtvec 0x800000a8
core   0: 0x8000009c (0x000300e7) jalr    x6
core   0: 3 0x8000009c (0x000300e7) x1  0x800000a0
core   0: 0x800000b8 (0x01410113) addi    x2, x2, 20
core   0: 3 0x800000b8 (0x01410113) x2  0x70000014
core   0: 0x800000bc (0xfe112623) sw      x1, -20(x2)
core   0: 3 0x800000bc (0xfe112623) mem 0x70000000 0x800000a0
core   0: 0x800000c0 (0x00452283) lw      x5, 4(x10)
core   0: 3 0x800000c0 (0x00452283) x5  0x90000000 mem 0x90003004
core   0: 0x800000c4 (0xfe512823) sw      x5, -16(x2)
core   0: 3 0x800000c4 (0xfe512823) mem 0x70000004 0x90000000
core   0: 0x800000c8 (0x00052283) lw      x5, 0(x10)
core   0: 3 0x800000c8 (0x00052283) x5  0x90002000 mem 0x90003000
core   0: 0x800000cc (0xfe512a23) sw      x5, -12(x2)
core   0: 3 0x800000cc (0xfe512a23) mem 0x70000008 0x90002000
core   0: 0x800000d0 (0x00c52283) lw      x5, 12(x10)
core   0: 3 0x800000d0 (0x00c52283) x5  0x00000004 mem 0x9000300c
core   0: 0x800000d4 (0xfe512e23) sw      x5, -4(x2)
core   0: 3 0x800000d4 (0xfe512e23) mem 0x70000010 0x00000004
core   0: 0x800000d8 (0x01052283) lw      x5, 16(x10)
core   0: 3 0x800000d8 (0x01052283) x5  0x00000001 mem 0x90003010
core   0: 0x800000dc (0xfe512c23) sw      x5, -8(x2)
core   0: 3 0x800000dc (0xfe512c23) mem 0x7000000c 0x00000001
core   0: 0x800000e0 (0x5e004057) vmv.v.x v0, x0
core   0: 3 0x800000e0 (0x5e004057) c8_vstart 0x00000000 e32 m1 l32 v0  ffffffff 0x00000000 00000000 00000000 00000000 00000000 00000000 00000000 00000000 00000000 00000000 00000000 00000000 00000000 00000000 00000000 00000000 00000000 00000000 00000000 00000000 00000000 00000000 00000000 00000000 00000000 00000000 00000000 00000000 00000000 00000000 00000000 00000000 
core   0: 0x800000e4 (0x204000ef) jal     pc + 0x204
core   0: 3 0x800000e4 (0x204000ef) x1  0x800000e8
core   0: 0x800002e8 (0x00410113) addi    x2, x2, 4
core   0: 3 0x800002e8 (0x00410113) x2  0x70000018
core   0: 0x800002ec (0xfe112e23) sw      x1, -4(x2)
core   0: 3 0x800002ec (0xfe112e23) mem 0x70000014 0x800000e8
core   0: 0x800002f0 (0x020040d7) vadd.vx v1, v0, x0
core   0: 3 0x800002f0 (0x020040d7) c8_vstart 0x00000000 e32 m1 l32 v1  ffffffff 0x00000000 00000000 00000000 00000000 00000000 00000000 00000000 00000000 00000000 00000000 00000000 00000000 00000000 00000000 00000000 00000000 00000000 00000000 00000000 00000000 00000000 00000000 00000000 00000000 00000000 00000000 00000000 00000000 00000000 00000000 00000000 00000000 
core   0: 0x800002f4 (0x00200293) li      x5, 2
core   0: 3 0x800002f4 (0x00200293) x5  0x00000002
core   0: 0x800002f8 (0x5e02c057) vmv.v.x v0, x5
core   0: 3 0x800002f8 (0x5e02c057) c8_vstart 0x00000000 e32 m1 l32 v0  ffffffff 0x00000002 00000002 00000002 00000002 00000002 00000002 00000002 00000002 00000002 00000002 00000002 00000002 00000002 00000002 00000002 00000002 00000002 00000002 00000002 00000002 00000002 00000002 00000002 00000002 00000002 00000002 00000002 00000002 00000002 00000002 00000002 00000002 
core   0: 0x800002fc (0x00000317) auipc   x6, 0x0
core   0: 3 0x800002fc (0x00000317) x6  0x800002fc
core   0: 0x80000300 (0x0543305b) setrpc  x0, x6, 84
core   0: 3 0x80000300 (0x0543305b) c2060_rpc 0x80000350 current mask:	ffffffff current npc:	00000000 stack size: 0
core   0: 0x80000304 (0x0410045b) vbeq    v1, v0, pc + 72
core   0: 3 0x80000304 (0x0410045b) c8_vstart 0x00000000 e32 m1 l32 current mask:	ffffffff current npc:	80000308 stack size: 0
core   0: 0x80000308 (0x0040006f) j       pc + 0x4
core   0: 3 0x80000308 (0x0040006f)
core   0: 0x8000030c (0x00100293) li      x5, 1
core   0: 3 0x8000030c (0x00100293) x5  0x00000001
core   0: 0x80000310 (0x5e02c057) vmv.v.x v0, x5
core   0: 3 0x80000310 (0x5e02c057) c8_vstart 0x00000000 e32 m1 l32 v0  ffffffff 0x00000001 00000001 00000001 00000001 00000001 00000001 00000001 00000001 00000001 00000001 00000001 00000001 00000001 00000001 00000001 00000001 00000001 00000001 00000001 00000001 00000001 00000001 00000001 00000001 00000001 00000001 00000001 00000001 00000001 00000001 00000001 00000001 
core   0: 0x80000314 (0x00000317) auipc   x6, 0x0
core   0: 3 0x80000314 (0x00000317) x6  0x80000314
core   0: 0x80000318 (0x03c3305b) setrpc  x0, x6, 60
core   0: 3 0x80000318 (0x03c3305b) c2060_rpc 0x80000350 current mask:	ffffffff current npc:	80000308 stack size: 0
core   0: 0x8000031c (0x0210045b) vbeq    v1, v0, pc + 40
core   0: 3 0x8000031c (0x0210045b) c8_vstart 0x00000000 e32 m1 l32 current mask:	ffffffff current npc:	80000320 stack size: 0
core   0: 0x80000320 (0x0040006f) j       pc + 0x4
core   0: 3 0x80000320 (0x0040006f)
core   0: 0x80000324 (0x5e004157) vmv.v.x v2, x0
core   0: 3 0x80000324 (0x5e004157) c8_vstart 0x00000000 e32 m1 l32 v2  ffffffff 0x00000000 00000000 00000000 00000000 00000000 00000000 00000000 00000000 00000000 00000000 00000000 00000000 00000000 00000000 00000000 00000000 00000000 00000000 00000000 00000000 00000000 00000000 00000000 00000000 00000000 00000000 00000000 00000000 00000000 00000000 00000000 00000000 
core   0: 0x80000328 (0x5e004057) vmv.v.x v0, x0
core   0: 3 0x80000328 (0x5e004057) c8_vstart 0x00000000 e32 m1 l32 v0  ffffffff 0x00000000 00000000 00000000 00000000 00000000 00000000 00000000 00000000 00000000 00000000 00000000 00000000 00000000 00000000 00000000 00000000 00000000 00000000 00000000 00000000 00000000 00000000 00000000 00000000 00000000 00000000 00000000 00000000 00000000 00000000 00000000 00000000 
core   0: 0x8000032c (0x00000317) auipc   x6, 0x0
core   0: 3 0x8000032c (0x00000317) x6  0x8000032c
core   0: 0x80000330 (0x0243305b) setrpc  x0, x6, 36
core   0: 3 0x80000330 (0x0243305b) c2060_rpc 0x80000350 current mask:	ffffffff current npc:	80000320 stack size: 0
core   0: 0x80000334 (0x00111e5b) vbne    v1, v2, pc + 28
core   0: 3 0x80000334 (0x00111e5b) c8_vstart 0x00000000 e32 m1 l32 current mask:	ffffffff current npc:	80000338 stack size: 0
core   0: 0x80000338 (0x0040006f) j       pc + 0x4
core   0: 3 0x80000338 (0x0040006f)
core   0: 0x8000033c (0x100000ef) jal     pc + 0x100
core   0: 3 0x8000033c (0x100000ef) x1  0x80000340
core   0: 0x8000043c (0x00410113) addi    x2, x2, 4
core   0: 3 0x8000043c (0x00410113) x2  0x7000001c
core   0: 0x80000440 (0xfe112e23) sw      x1, -4(x2)
core   0: 3 0x80000440 (0xfe112e23) mem 0x70000018 0x80000340
core   0: 0x80000444 (0xf1dff0ef) jal     pc - 0xe4
core   0: 3 0x80000444 (0xf1dff0ef) x1  0x80000448
core   0: 0x80000360 (0x00410113) addi    x2, x2, 4
core   0: 3 0x80000360 (0x00410113) x2  0x70000020
core   0: 0x80000364 (0xfe112e23) sw      x1, -4(x2)
core   0: 3 0x80000364 (0xfe112e23) mem 0x7000001c 0x80000448
core   0: 0x80000368 (0x80302573) csrr    x10, knl
core   0: 3 0x80000368 (0x80302573) x10 0x90024000
core   0: 0x8000036c (0x00852283) lw      x5, 8(x10)
core   0: 3 0x8000036c (0x00852283) x5  0x00000001 mem 0x90024008
core   0: 0x80000370 (0x80002373) csrr    x6, tid
core   0: 3 0x80000370 (0x80002373) x6  0x00000000
core   0: 0x80000374 (0x5208a157) vid.v   v2
core   0: 3 0x80000374 (0x5208a157) c8_vstart 0x00000000 e32 m1 l32 v2  ffffffff 0x0000001f 0000001e 0000001d 0000001c 0000001b 0000001a 00000019 00000018 00000017 00000016 00000015 00000014 00000013 00000012 00000011 00000010 0000000f 0000000e 0000000d 0000000c 0000000b 0000000a 00000009 00000008 00000007 00000006 00000005 00000004 00000003 00000002 00000001 00000000 
core   0: 0x80000378 (0x02234057) vadd.vx v0, v2, x6
core   0: 3 0x80000378 (0x02234057) c8_vstart 0x00000000 e32 m1 l32 v0  ffffffff 0x0000001f 0000001e 0000001d 0000001c 0000001b 0000001a 00000019 00000018 00000017 00000016 00000015 00000014 00000013 00000012 00000011 00000010 0000000f 0000000e 0000000d 0000000c 0000000b 0000000a 00000009 00000008 00000007 00000006 00000005 00000004 00000003 00000002 00000001 00000000 
core   0: 0x8000037c (0x01852e03) lw      x28, 24(x10)
core   0: 3 0x8000037c (0x01852e03) x28 0x00000004 mem 0x90024018
core   0: 0x80000380 (0x8a0e6057) vremu.vx v0, v0, x28
core   0: 3 0x80000380 (0x8a0e6057) c8_vstart 0x00000000 e32 m1 l32 v0  ffffffff 0x00000003 00000002 00000001 00000000 00000003 00000002 00000001 00000000 00000003 00000002 00000001 00000000 00000003 00000002 00000001 00000000 00000003 00000002 00000001 00000000 00000003 00000002 00000001 00000000 00000003 00000002 00000001 00000000 00000003 00000002 00000001 00000000 
core   0: 0x80000384 (0xffc12083) lw      x1, -4(x2)
core   0: 3 0x80000384 (0xffc12083) x1  0x80000448 mem 0x7000001c
core   0: 0x80000388 (0xffc10113) addi    x2, x2, -4
core   0: 3 0x80000388 (0xffc10113) x2  0x7000001c
core   0: 0x8000038c (0x00008067) ret
core   0: 3 0x8000038c (0x00008067)
core   0: 0x80000448 (0x80302573) csrr    x10, knl
core   0: 3 0x80000448 (0x80302573) x10 0x90024000
core   0: 0x8000044c (0x80802373) csrr    x6, gidx
core   0: 3 0x8000044c (0x80802373) x6  0x00000000
core   0: 0x80000450 (0x01852e03) lw      x28, 24(x10)
core   0: 3 0x80000450 (0x01852e03) x28 0x00000004 mem 0x90024018
core   0: 0x80000454 (0x02452e83) lw      x29, 36(x10)
core   0: 3 0x80000454 (0x02452e83) x29 0x00000000 mem 0x90024024
core   0: 0x80000458 (0x03c30fb3) mul     x31, x6, x28
core   0: 3 0x80000458 (0x03c30fb3) x31 0x00000000
core   0: 0x8000045c (0x01df8fb3) add     x31, x31, x29
core   0: 3 0x8000045c (0x01df8fb3) x31 0x00000000
core   0: 0x80000460 (0x020fc057) vadd.vx v0, v0, x31
core   0: 3 0x80000460 (0x020fc057) c8_vstart 0x00000000 e32 m1 l32 v0  ffffffff 0x00000003 00000002 00000001 00000000 00000003 00000002 00000001 00000000 00000003 00000002 00000001 00000000 00000003 00000002 00000001 00000000 00000003 00000002 00000001 00000000 00000003 00000002 00000001 00000000 00000003 00000002 00000001 00000000 00000003 00000002 00000001 00000000 
core   0: 0x80000464 (0xffc12083) lw      x1, -4(x2)
core   0: 3 0x80000464 (0xffc12083) x1  0x80000340 mem 0x70000018
core   0: 0x80000468 (0xffc10113) addi    x2, x2, -4
core   0: 3 0x80000468 (0xffc10113) x2  0x70000018
core   0: 0x8000046c (0x00008067) ret
core   0: 3 0x8000046c (0x00008067)
core   0: 0x80000340 (0x0100006f) j       pc + 0x10
core   0: 3 0x80000340 (0x0100006f)
core   0: 0x80000350 (0x0000205b) join    v0, v0, pc + 0
core   0: 3 0x80000350 (0x0000205b) current mask:	ffffffff current npc:	80000338 stack size: 0
core   0: 0x80000354 (0xffc12083) lw      x1, -4(x2)
core   0: 3 0x80000354 (0xffc12083) x1  0x800000e8 mem 0x70000014
core   0: 0x80000358 (0xffc10113) addi    x2, x2, -4
core   0: 3 0x80000358 (0xffc10113) x2  0x70000014
core   0: 0x8000035c (0x00008067) ret
core   0: 3 0x8000035c (0x00008067)
core   0: 0x800000e8 (0xff812503) lw      x10, -8(x2)
core   0: 3 0x800000e8 (0xff812503) x10 0x00000001 mem 0x7000000c
core   0: 0x800000ec (0xffc12483) lw      x9, -4(x2)
core   0: 3 0x800000ec (0xffc12483) x9  0x00000004 mem 0x70000010
core   0: 0x800000f0 (0xfff54293) not     x5, x10
core   0: 3 0x800000f0 (0xfff54293) x5  0xfffffffe
core   0: 0x800000f4 (0x009282b3) add     x5, x5, x9
core   0: 3 0x800000f4 (0x009282b3) x5  0x00000002
core   0: 0x800000f8 (0x5e02c0d7) vmv.v.x v1, x5
core   0: 3 0x800000f8 (0x5e02c0d7) c8_vstart 0x00000000 e32 m1 l32 v1  ffffffff 0x00000002 00000002 00000002 00000002 00000002 00000002 00000002 00000002 00000002 00000002 00000002 00000002 00000002 00000002 00000002 00000002 00000002 00000002 00000002 00000002 00000002 00000002 00000002 00000002 00000002 00000002 00000002 00000002 00000002 00000002 00000002 00000002 
core   0: 0x800000fc (0x00000317) auipc   x6, 0x0
core   0: 3 0x800000fc (0x00000317) x6  0x800000fc
core   0: 0x80000100 (0x0643305b) setrpc  x0, x6, 100
core   0: 3 0x80000100 (0x0643305b) c2060_rpc 0x80000160 current mask:	ffffffff current npc:	80000338 stack size: 0
core   0: 0x80000104 (0x0400de5b) vbge    v0, v1, pc + 92
core   0: 3 0x80000104 (0x0400de5b) c8_vstart 0x00000000 e32 m1 l32 current mask:	cccccccc current npc:	80000160 stack size: 2
[r_pc] 80000160 [else_pc] 80000108 [else_mask] 33333333 
[r_pc] 80000160 [else_pc] 80000160 [else_mask] ffffffff 
core   0: 0x80000160 (0x0000205b) join    v0, v0, pc + 0
core   0: 3 0x80000160 (0x0000205b) current mask:	33333333 current npc:	80000108 stack size: 1
[r_pc] 80000160 [else_pc] 80000160 [else_mask] ffffffff 
core   0: 0x80000108 (0x0040006f) j       pc + 0x4
core   0: 3 0x80000108 (0x0040006f)
core   0: 0x8000010c (0x02054057) vadd.vx v0, v0, x10
core   0: 3 0x8000010c (0x02054057) c8_vstart 0x00000000 e32 m1 l32 v0  33333333 0x00000003 00000002 00000002 00000001 00000003 00000002 00000002 00000001 00000003 00000002 00000002 00000001 00000003 00000002 00000002 00000001 00000003 00000002 00000002 00000001 00000003 00000002 00000002 00000001 00000003 00000002 00000002 00000001 00000003 00000002 00000002 00000001 
core   0: 0x80000110 (0x0200b057) vadd.vi v0, v0, 1
core   0: 3 0x80000110 (0x0200b057) c8_vstart 0x00000000 e32 m1 l32 v0  33333333 0x00000003 00000002 00000003 00000002 00000003 00000002 00000003 00000002 00000003 00000002 00000003 00000002 00000003 00000002 00000003 00000002 00000003 00000002 00000003 00000002 00000003 00000002 00000003 00000002 00000003 00000002 00000003 00000002 00000003 00000002 00000003 00000002 
core   0: 0x80000114 (0x9604e057) vmul.vx v0, v0, x9
core   0: 3 0x80000114 (0x9604e057) c8_vstart 0x00000000 e32 m1 l32 v0  33333333 0x00000003 00000002 0000000c 00000008 00000003 00000002 0000000c 00000008 00000003 00000002 0000000c 00000008 00000003 00000002 0000000c 00000008 00000003 00000002 0000000c 00000008 00000003 00000002 0000000c 00000008 00000003 00000002 0000000c 00000008 00000003 00000002 0000000c 00000008 
core   0: 0x80000118 (0x96013057) vsll.vi v0, v0, 2
core   0: 3 0x80000118 (0x96013057) c8_vstart 0x00000000 e32 m1 l32 v0  33333333 0x00000003 00000002 00000030 00000020 00000003 00000002 00000030 00000020 00000003 00000002 00000030 00000020 00000003 00000002 00000030 00000020 00000003 00000002 00000030 00000020 00000003 00000002 00000030 00000020 00000003 00000002 00000030 00000020 00000003 00000002 00000030 00000020 
core   0: 0x8000011c (0xff012383) lw      x7, -16(x2)
core   0: 3 0x8000011c (0xff012383) x7  0x90000000 mem 0x70000004
core   0: 0x80000120 (0x0203c0d7) vadd.vx v1, v0, x7
core   0: 3 0x80000120 (0x0203c0d7) c8_vstart 0x00000000 e32 m1 l32 v1  33333333 0x00000002 00000002 90000030 90000020 00000002 00000002 90000030 90000020 00000002 00000002 90000030 90000020 00000002 00000002 90000030 90000020 00000002 00000002 90000030 90000020 00000002 00000002 90000030 90000020 00000002 00000002 90000030 90000020 00000002 00000002 90000030 90000020 
core   0: 0x80000124 (0x029502b3) mul     x5, x10, x9
core   0: 3 0x80000124 (0x029502b3) x5  0x00000004
core   0: 0x80000128 (0x00251313) slli    x6, x10, 2
core   0: 3 0x80000128 (0x00251313) x6  0x00000004
core   0: 0x8000012c (0x021340d7) vadd.vx v1, v1, x6
core   0: 3 0x8000012c (0x021340d7) c8_vstart 0x00000000 e32 m1 l32 v1  33333333 0x00000002 00000002 90000034 90000024 00000002 00000002 90000034 90000024 00000002 00000002 90000034 90000024 00000002 00000002 90000034 90000024 00000002 00000002 90000034 90000024 00000002 00000002 90000034 90000024 00000002 00000002 90000034 90000024 00000002 00000002 90000034 90000024 
core   0: 0x80000130 (0x0000a0fb) vlw12.v v1, v1, 0
core   0: 3 0x80000130 (0x0000a0fb) e32 m1 l32 v1  33333333 0x00000002 00000002 bdcccccd be2aaaac 00000002 00000002 bdcccccd be2aaaac 00000002 00000002 bdcccccd be2aaaac 00000002 00000002 bdcccccd be2aaaac 00000002 00000002 bdcccccd be2aaaac 00000002 00000002 bdcccccd be2aaaac 00000002 00000002 bdcccccd be2aaaac 00000002 00000002 bdcccccd be2aaaac  c8_vstart 0x00000000 mem 0x90000024 mem 0x90000034 mem 0x90000024 mem 0x90000034 mem 0x90000024 mem 0x90000034 mem 0x90000024 mem 0x90000034 mem 0x90000024 mem 0x90000034 mem 0x90000024 mem 0x90000034 mem 0x90000024 mem 0x90000034 mem 0x90000024 mem 0x90000034
core   0: 0x80000134 (0x00229293) slli    x5, x5, 2
core   0: 3 0x80000134 (0x00229293) x5  0x00000010
core   0: 0x80000138 (0x005382b3) add     x5, x7, x5
core   0: 3 0x80000138 (0x005382b3) x5  0x90000010
core   0: 0x8000013c (0x006282b3) add     x5, x5, x6
core   0: 3 0x8000013c (0x006282b3) x5  0x90000014
core   0: 0x80000140 (0x0002a283) lw      x5, 0(x5)
core   0: 3 0x80000140 (0x0002a283) x5  0xbf266666 mem 0x90000014
core   0: 0x80000144 (0x5e034157) vmv.v.x v2, x6
core   0: 3 0x80000144 (0x5e034157) c8_vstart 0x00000000 e32 m1 l32 v2  33333333 0x0000001f 0000001e 00000004 00000004 0000001b 0000001a 00000004 00000004 00000017 00000016 00000004 00000004 00000013 00000012 00000004 00000004 0000000f 0000000e 00000004 00000004 0000000b 0000000a 00000004 00000004 00000007 00000006 00000004 00000004 00000003 00000002 00000004 00000004 
core   0: 0x80000148 (0x5e02c1d7) vmv.v.x v3, x5
core   0: 3 0x80000148 (0x5e02c1d7) c8_vstart 0x00000000 e32 m1 l32 v3  33333333 0x00000000 00000000 bf266666 bf266666 00000000 00000000 bf266666 bf266666 00000000 00000000 bf266666 bf266666 00000000 00000000 bf266666 bf266666 00000000 00000000 bf266666 bf266666 00000000 00000000 bf266666 bf266666 00000000 00000000 bf266666 bf266666 00000000 00000000 bf266666 bf266666 
core   0: 0x8000014c (0x821190d7) vfdiv.vv v1, v1, v3
core   0: 3 0x8000014c (0x821190d7) c8_vstart 0x00000000 c1_fflags 0x00000001 e32 m1 l32 v1  33333333 0x00000002 00000002 3e1d89d9 3e834836 00000002 00000002 3e1d89d9 3e834836 00000002 00000002 3e1d89d9 3e834836 00000002 00000002 3e1d89d9 3e834836 00000002 00000002 3e1d89d9 3e834836 00000002 00000002 3e1d89d9 3e834836 00000002 00000002 3e1d89d9 3e834836 00000002 00000002 3e1d89d9 3e834836 
core   0: 0x80000150 (0xff412283) lw      x5, -12(x2)
core   0: 3 0x80000150 (0xff412283) x5  0x90002000 mem 0x70000008
core   0: 0x80000154 (0x0202c057) vadd.vx v0, v0, x5
core   0: 3 0x80000154 (0x0202c057) c8_vstart 0x00000000 e32 m1 l32 v0  33333333 0x00000003 00000002 90002030 90002020 00000003 00000002 90002030 90002020 00000003 00000002 90002030 90002020 00000003 00000002 90002030 90002020 00000003 00000002 90002030 90002020 00000003 00000002 90002030 90002020 00000003 00000002 90002030 90002020 00000003 00000002 90002030 90002020 
core   0: 0x80000158 (0x02010057) vadd.vv v0, v0, v2
core   0: 3 0x80000158 (0x02010057) c8_vstart 0x00000000 e32 m1 l32 v0  33333333 0x00000003 00000002 90002034 90002024 00000003 00000002 90002034 90002024 00000003 00000002 90002034 90002024 00000003 00000002 90002034 90002024 00000003 00000002 90002034 90002024 00000003 00000002 90002034 90002024 00000003 00000002 90002034 90002024 00000003 00000002 90002034 90002024 
core   0: 0x8000015c (0x0010607b) vsw12.v v1, v0, 0
core   0: 3 0x8000015c (0x0010607b) c8_vstart 0x00000000 e32 m1 l32 mem 0x90002024 0x3e834836 mem 0x90002034 0x3e1d89d9 mem 0x90002024 0x3e834836 mem 0x90002034 0x3e1d89d9 mem 0x90002024 0x3e834836 mem 0x90002034 0x3e1d89d9 mem 0x90002024 0x3e834836 mem 0x90002034 0x3e1d89d9 mem 0x90002024 0x3e834836 mem 0x90002034 0x3e1d89d9 mem 0x90002024 0x3e834836 mem 0x90002034 0x3e1d89d9 mem 0x90002024 0x3e834836 mem 0x90002034 0x3e1d89d9 mem 0x90002024 0x3e834836 mem 0x90002034 0x3e1d89d9
core   0: 0x80000160 (0x0000205b) join    v0, v0, pc + 0
core   0: 3 0x80000160 (0x0000205b) current mask:	ffffffff current npc:	80000160 stack size: 0
core   0: 3 0x80000160 (0x0000205b) current mask:	ffffffff current npc:	80000160 stack size: 0
core   0: Executed 2 times
core   0: 0x80000164 (0xfec12083) lw      x1, -20(x2)
core   0: 3 0x80000164 (0xfec12083) x1  0x800000a0 mem 0x70000000
core   0: 0x80000168 (0xfec10113) addi    x2, x2, -20
core   0: 3 0x80000168 (0xfec10113) x2  0x70000000
core   0: 0x8000016c (0x00008067) ret
core   0: 3 0x8000016c (0x00008067)
core   0: 0x800000a0 (0x0000400b) endprg  x0, x0, x0
core   0: 3 0x800000a0 (0x0000400b)
core   0: 0x800000a4 (0x0040006f) j       pc + 0x4
core   0: 3 0x800000a4 (0x0040006f)
core   0: 0x800000a8 (0x00100313) li      x6, 1
core   0: 3 0x800000a8 (0x00100313) x6  0x00000001
core   0: 0x800000ac (0x00001297) auipc   x5, 0x1
core   0: 3 0x800000ac (0x00001297) x5  0x800010ac
core   0: 0x800000b0 (0xf5428293) addi    x5, x5, -172
core   0: 3 0x800000b0 (0xf5428293) x5  0x80001000
core   0: 0x800000b4 (0x0062a023) sw      x6, 0(x5)
core   0: 3 0x800000b4 (0x0062a023) mem 0x80001000 0x00000001
