core   0: 0x00001000 (0x00000297) auipc   x5, 0x0
core   0: 3 0x00001000 (0x00000297) x5  0x00001000
core   0: 0x00001004 (0x02028593) addi    x11, x5, 32
core   0: 3 0x00001004 (0x02028593) x11 0x00001020
core   0: 0x00001008 (0xf1402573) csrr    x10, mhartid
core   0: 3 0x00001008 (0xf1402573) x10 0x00000000
core   0: 0x0000100c (0x0182a283) lw      x5, 24(x5)
core   0: 3 0x0000100c (0x0182a283) x5  0x80000000 mem 0x00001018
core   0: 0x00001010 (0x00028067) jr      x5
core   0: 3 0x00001010 (0x00028067)
core   0: 0x80000000 (0x00004197) auipc   x3, 0x4
core   0: 3 0x80000000 (0x00004197) x3  0x80004000
core   0: 0x80000004 (0x80818193) addi    x3, x3, -2040
core   0: 3 0x80000004 (0x80818193) x3  0x80003808
core   0: 0x80000008 (0x02000e93) li      x29, 32
core   0: 3 0x80000008 (0x02000e93) x29 0x00000020
core   0: 0x8000000c (0x0d0efed7) vsetvli x29, x29, e32, m1, ta, ma
core   0: 3 0x8000000c (0x0d0efed7) x29 0x00000020 c8_vstart 0x00000000 c3104_vl 0x00000020 c3105_vtype 0x000000d0 c768_mstatus 0x80000600
core   0: 0x80000010 (0x00002eb7) lui     x29, 0x2
core   0: 3 0x80000010 (0x00002eb7) x29 0x00002000
core   0: 0x80000014 (0x300eaef3) csrrs   x29, mstatus, x29
core   0: 3 0x80000014 (0x300eaef3) x29 0x80000600 c768_mstatus 0x80006600
core   0: 0x80000018 (0x00000e93) li      x29, 0
core   0: 3 0x80000018 (0x00000e93) x29 0x00000000
core   0: 0x8000001c (0x80502373) csrr    x6, wid
core   0: 3 0x8000001c (0x80502373) x6  0x00000000
core   0: 0x80000020 (0x806023f3) csrr    x7, lds
core   0: 3 0x80000020 (0x806023f3) x7  0x70000000
core   0: 0x80000024 (0x40000e13) li      x28, 1024
core   0: 3 0x80000024 (0x40000e13) x28 0x00000400
core   0: 0x80000028 (0x03c30333) mul     x6, x6, x28
core   0: 3 0x80000028 (0x03c30333) x6  0x00000000
core   0: 0x8000002c (0x00730133) add     x2, x6, x7
core   0: 3 0x8000002c (0x00730133) x2  0x70000000
core   0: 0x80000030 (0x00000213) li      x4, 0
core   0: 3 0x80000030 (0x00000213) x4  0x00000000
core   0: 0x80000034 (0x80102f73) csrr    x30, numw
core   0: 3 0x80000034 (0x80102f73) x30 0x00000001
core   0: 0x80000038 (0x40000e13) li      x28, 1024
core   0: 3 0x80000038 (0x40000e13) x28 0x00000400
core   0: 0x8000003c (0x03cf0f33) mul     x30, x30, x28
core   0: 3 0x8000003c (0x03cf0f33) x30 0x00000400
core   0: 0x80000040 (0x01e38433) add     x8, x7, x30
core   0: 3 0x80000040 (0x01e38433) x8  0x70000400
core   0: 0x80000044 (0x00003517) auipc   x10, 0x3
core   0: 3 0x80000044 (0x00003517) x10 0x80003044
core   0: 0x80000048 (0xfc450513) addi    x10, x10, -60
core   0: 3 0x80000048 (0xfc450513) x10 0x80003008
core   0: 0x8000004c (0x00003617) auipc   x12, 0x3
core   0: 3 0x8000004c (0x00003617) x12 0x8000304c
core   0: 0x80000050 (0xfbc60613) addi    x12, x12, -68
core   0: 3 0x80000050 (0xfbc60613) x12 0x80003008
core   0: 0x80000054 (0x00c50863) beq     x10, x12, pc + 16
core   0: 3 0x80000054 (0x00c50863)
core   0: 0x80000064 (0x803022f3) csrr    x5, knl
core   0: 3 0x80000064 (0x803022f3) x5  0x90024000
core   0: 0x80000068 (0x0002a303) lw      x6, 0(x5)
core   0: 3 0x80000068 (0x0002a303) x6  0x80000170 mem 0x90024000
core   0: 0x8000006c (0x0042a503) lw      x10, 4(x5)
core   0: 3 0x8000006c (0x0042a503) x10 0x90003000 mem 0x90024004
core   0: 0x80000070 (0x0302a383) lw      x7, 48(x5)
core   0: 3 0x80000070 (0x0302a383) x7  0x00000000 mem 0x90024030
core   0: 0x80000074 (0x0342ae03) lw      x28, 52(x5)
core   0: 3 0x80000074 (0x0342ae03) x28 0x00000000 mem 0x90024034
core   0: 0x80000078 (0x00003e97) auipc   x29, 0x3
core   0: 3 0x80000078 (0x00003e97) x29 0x80003078
core   0: 0x8000007c (0xf88e8e93) addi    x29, x29, -120
core   0: 3 0x8000007c (0xf88e8e93) x29 0x80003000
core   0: 0x80000080 (0x00003f17) auipc   x30, 0x3
core   0: 3 0x80000080 (0x00003f17) x30 0x80003080
core   0: 0x80000084 (0xf84f0f13) addi    x30, x30, -124
core   0: 3 0x80000084 (0xf84f0f13) x30 0x80003004
core   0: 0x80000088 (0x007ea023) sw      x7, 0(x29)
core   0: 3 0x80000088 (0x007ea023) mem 0x80003000 0x00000000
core   0: 0x8000008c (0x01cf2023) sw      x28, 0(x30)
core   0: 3 0x8000008c (0x01cf2023) mem 0x80003004 0x00000000
core   0: 0x80000090 (0x00000f97) auipc   x31, 0x0
core   0: 3 0x80000090 (0x00000f97) x31 0x80000090
core   0: 0x80000094 (0x018f8f93) addi    x31, x31, 24
core   0: 3 0x80000094 (0x018f8f93) x31 0x800000a8
core   0: 0x80000098 (0x305f9073) csrw    mtvec, x31
core   0: 3 0x80000098 (0x305f9073) c773_mtvec 0x800000a8
core   0: 0x8000009c (0x000300e7) jalr    x6
core   0: 3 0x8000009c (0x000300e7) x1  0x800000a0
core   0: 0x80000170 (0x01810113) addi    x2, x2, 24
core   0: 3 0x80000170 (0x01810113) x2  0x70000018
core   0: 0x80000174 (0x00420213) addi    x4, x4, 4
core   0: 3 0x80000174 (0x00420213) x4  0x00000004
core   0: 0x80000178 (0x0010200b) regext  x0, x0,  0 0 0 1 
core   0: 3 0x80000178 (0x0010200b)
core   0: 0x8000017c (0x5e024057) vmv.v.x v0, x4
core   0: 3 0x8000017c (0x5e024057) c8_vstart 0x00000000 e32 m1 l32 v32 ffffffff 0x00000004 00000004 00000004 00000004 00000004 00000004 00000004 00000004 00000004 00000004 00000004 00000004 00000004 00000004 00000004 00000004 00000004 00000004 00000004 00000004 00000004 00000004 00000004 00000004 00000004 00000004 00000004 00000004 00000004 00000004 00000004 00000004 
core   0: 0x80000180 (0xfe112423) sw      x1, -24(x2)
core   0: 3 0x80000180 (0xfe112423) mem 0x70000000 0x800000a0
core   0: 0x80000184 (0x0480200b) regext  x0, x0,  0 1 1 0 
core   0: 3 0x80000184 (0x0480200b)
core   0: 0x80000188 (0xfe102e2b) vsw.v   v1, x0, -4
core   0: 3 0x80000188 (0xfe102e2b) c8_vstart 0x00000000 mem 0x90004000 0x00000000 mem 0x90004004 0x00000000 mem 0x90004008 0x00000000 mem 0x9000400c 0x00000000 mem 0x90004010 0x00000000 mem 0x90004014 0x00000000 mem 0x90004018 0x00000000 mem 0x9000401c 0x00000000 mem 0x90004020 0x00000000 mem 0x90004024 0x00000000 mem 0x90004028 0x00000000 mem 0x9000402c 0x00000000 mem 0x90004030 0x00000000 mem 0x90004034 0x00000000 mem 0x90004038 0x00000000 mem 0x9000403c 0x00000000 mem 0x90004040 0x00000000 mem 0x90004044 0x00000000 mem 0x90004048 0x00000000 mem 0x9000404c 0x00000000 mem 0x90004050 0x00000000 mem 0x90004054 0x00000000 mem 0x90004058 0x00000000 mem 0x9000405c 0x00000000 mem 0x90004060 0x00000000 mem 0x90004064 0x00000000 mem 0x90004068 0x00000000 mem 0x9000406c 0x00000000 mem 0x90004070 0x00000000 mem 0x90004074 0x00000000 mem 0x90004078 0x00000000 mem 0x9000407c 0x00000000
core   0: 0x8000018c (0x00852283) lw      x5, 8(x10)
core   0: 3 0x8000018c (0x00852283) x5  0x90001000 mem 0x90003008
core   0: 0x80000190 (0xfe512623) sw      x5, -20(x2)
core   0: 3 0x80000190 (0xfe512623) mem 0x70000004 0x90001000
core   0: 0x80000194 (0x00452283) lw      x5, 4(x10)
core   0: 3 0x80000194 (0x00452283) x5  0x90000000 mem 0x90003004
core   0: 0x80000198 (0xfe512823) sw      x5, -16(x2)
core   0: 3 0x80000198 (0xfe512823) mem 0x70000008 0x90000000
core   0: 0x8000019c (0x00052283) lw      x5, 0(x10)
core   0: 3 0x8000019c (0x00052283) x5  0x90002000 mem 0x90003000
core   0: 0x800001a0 (0xfe512a23) sw      x5, -12(x2)
core   0: 3 0x800001a0 (0xfe512a23) mem 0x7000000c 0x90002000
core   0: 0x800001a4 (0x00c52283) lw      x5, 12(x10)
core   0: 3 0x800001a4 (0x00c52283) x5  0x00000004 mem 0x9000300c
core   0: 0x800001a8 (0xfe512e23) sw      x5, -4(x2)
core   0: 3 0x800001a8 (0xfe512e23) mem 0x70000014 0x00000004
core   0: 0x800001ac (0x01052283) lw      x5, 16(x10)
core   0: 3 0x800001ac (0x01052283) x5  0x00000002 mem 0x90003010
core   0: 0x800001b0 (0xfe512c23) sw      x5, -8(x2)
core   0: 3 0x800001b0 (0xfe512c23) mem 0x70000010 0x00000002
core   0: 0x800001b4 (0x5e004057) vmv.v.x v0, x0
core   0: 3 0x800001b4 (0x5e004057) c8_vstart 0x00000000 e32 m1 l32 v0  ffffffff 0x00000000 00000000 00000000 00000000 00000000 00000000 00000000 00000000 00000000 00000000 00000000 00000000 00000000 00000000 00000000 00000000 00000000 00000000 00000000 00000000 00000000 00000000 00000000 00000000 00000000 00000000 00000000 00000000 00000000 00000000 00000000 00000000 
core   0: 0x800001b8 (0x130000ef) jal     pc + 0x130
core   0: 3 0x800001b8 (0x130000ef) x1  0x800001bc
core   0: 0x800002e8 (0x00410113) addi    x2, x2, 4
core   0: 3 0x800002e8 (0x00410113) x2  0x7000001c
core   0: 0x800002ec (0xfe112e23) sw      x1, -4(x2)
core   0: 3 0x800002ec (0xfe112e23) mem 0x70000018 0x800001bc
core   0: 0x800002f0 (0x020040d7) vadd.vx v1, v0, x0
core   0: 3 0x800002f0 (0x020040d7) c8_vstart 0x00000000 e32 m1 l32 v1  ffffffff 0x00000000 00000000 00000000 00000000 00000000 00000000 00000000 00000000 00000000 00000000 00000000 00000000 00000000 00000000 00000000 00000000 00000000 00000000 00000000 00000000 00000000 00000000 00000000 00000000 00000000 00000000 00000000 00000000 00000000 00000000 00000000 00000000 
core   0: 0x800002f4 (0x00200293) li      x5, 2
core   0: 3 0x800002f4 (0x00200293) x5  0x00000002
core   0: 0x800002f8 (0x5e02c057) vmv.v.x v0, x5
core   0: 3 0x800002f8 (0x5e02c057) c8_vstart 0x00000000 e32 m1 l32 v0  ffffffff 0x00000002 00000002 00000002 00000002 00000002 00000002 00000002 00000002 00000002 00000002 00000002 00000002 00000002 00000002 00000002 00000002 00000002 00000002 00000002 00000002 00000002 00000002 00000002 00000002 00000002 00000002 00000002 00000002 00000002 00000002 00000002 00000002 
core   0: 0x800002fc (0x00000317) auipc   x6, 0x0
core   0: 3 0x800002fc (0x00000317) x6  0x800002fc
core   0: 0x80000300 (0x0543305b) setrpc  x0, x6, 84
core   0: 3 0x80000300 (0x0543305b) c2060_rpc 0x80000350 current mask:	ffffffff current npc:	00000000 stack size: 0
core   0: 0x80000304 (0x0410045b) vbeq    v1, v0, pc + 72
core   0: 3 0x80000304 (0x0410045b) c8_vstart 0x00000000 e32 m1 l32 current mask:	ffffffff current npc:	80000308 stack size: 0
core   0: 0x80000308 (0x0040006f) j       pc + 0x4
core   0: 3 0x80000308 (0x0040006f)
core   0: 0x8000030c (0x00100293) li      x5, 1
core   0: 3 0x8000030c (0x00100293) x5  0x00000001
core   0: 0x80000310 (0x5e02c057) vmv.v.x v0, x5
core   0: 3 0x80000310 (0x5e02c057) c8_vstart 0x00000000 e32 m1 l32 v0  ffffffff 0x00000001 00000001 00000001 00000001 00000001 00000001 00000001 00000001 00000001 00000001 00000001 00000001 00000001 00000001 00000001 00000001 00000001 00000001 00000001 00000001 00000001 00000001 00000001 00000001 00000001 00000001 00000001 00000001 00000001 00000001 00000001 00000001 
core   0: 0x80000314 (0x00000317) auipc   x6, 0x0
core   0: 3 0x80000314 (0x00000317) x6  0x80000314
core   0: 0x80000318 (0x03c3305b) setrpc  x0, x6, 60
core   0: 3 0x80000318 (0x03c3305b) c2060_rpc 0x80000350 current mask:	ffffffff current npc:	80000308 stack size: 0
core   0: 0x8000031c (0x0210045b) vbeq    v1, v0, pc + 40
core   0: 3 0x8000031c (0x0210045b) c8_vstart 0x00000000 e32 m1 l32 current mask:	ffffffff current npc:	80000320 stack size: 0
core   0: 0x80000320 (0x0040006f) j       pc + 0x4
core   0: 3 0x80000320 (0x0040006f)
core   0: 0x80000324 (0x5e004157) vmv.v.x v2, x0
core   0: 3 0x80000324 (0x5e004157) c8_vstart 0x00000000 e32 m1 l32 v2  ffffffff 0x00000000 00000000 00000000 00000000 00000000 00000000 00000000 00000000 00000000 00000000 00000000 00000000 00000000 00000000 00000000 00000000 00000000 00000000 00000000 00000000 00000000 00000000 00000000 00000000 00000000 00000000 00000000 00000000 00000000 00000000 00000000 00000000 
core   0: 0x80000328 (0x5e004057) vmv.v.x v0, x0
core   0: 3 0x80000328 (0x5e004057) c8_vstart 0x00000000 e32 m1 l32 v0  ffffffff 0x00000000 00000000 00000000 00000000 00000000 00000000 00000000 00000000 00000000 00000000 00000000 00000000 00000000 00000000 00000000 00000000 00000000 00000000 00000000 00000000 00000000 00000000 00000000 00000000 00000000 00000000 00000000 00000000 00000000 00000000 00000000 00000000 
core   0: 0x8000032c (0x00000317) auipc   x6, 0x0
core   0: 3 0x8000032c (0x00000317) x6  0x8000032c
core   0: 0x80000330 (0x0243305b) setrpc  x0, x6, 36
core   0: 3 0x80000330 (0x0243305b) c2060_rpc 0x80000350 current mask:	ffffffff current npc:	80000320 stack size: 0
core   0: 0x80000334 (0x00111e5b) vbne    v1, v2, pc + 28
core   0: 3 0x80000334 (0x00111e5b) c8_vstart 0x00000000 e32 m1 l32 current mask:	ffffffff current npc:	80000338 stack size: 0
core   0: 0x80000338 (0x0040006f) j       pc + 0x4
core   0: 3 0x80000338 (0x0040006f)
core   0: 0x8000033c (0x100000ef) jal     pc + 0x100
core   0: 3 0x8000033c (0x100000ef) x1  0x80000340
core   0: 0x8000043c (0x00410113) addi    x2, x2, 4
core   0: 3 0x8000043c (0x00410113) x2  0x70000020
core   0: 0x80000440 (0xfe112e23) sw      x1, -4(x2)
core   0: 3 0x80000440 (0xfe112e23) mem 0x7000001c 0x80000340
core   0: 0x80000444 (0xf1dff0ef) jal     pc - 0xe4
core   0: 3 0x80000444 (0xf1dff0ef) x1  0x80000448
core   0: 0x80000360 (0x00410113) addi    x2, x2, 4
core   0: 3 0x80000360 (0x00410113) x2  0x70000024
core   0: 0x80000364 (0xfe112e23) sw      x1, -4(x2)
core   0: 3 0x80000364 (0xfe112e23) mem 0x70000020 0x80000448
core   0: 0x80000368 (0x80302573) csrr    x10, knl
core   0: 3 0x80000368 (0x80302573) x10 0x90024000
core   0: 0x8000036c (0x00852283) lw      x5, 8(x10)
core   0: 3 0x8000036c (0x00852283) x5  0x00000002 mem 0x90024008
core   0: 0x80000370 (0x80002373) csrr    x6, tid
core   0: 3 0x80000370 (0x80002373) x6  0x00000000
core   0: 0x80000374 (0x5208a157) vid.v   v2
core   0: 3 0x80000374 (0x5208a157) c8_vstart 0x00000000 e32 m1 l32 v2  ffffffff 0x0000001f 0000001e 0000001d 0000001c 0000001b 0000001a 00000019 00000018 00000017 00000016 00000015 00000014 00000013 00000012 00000011 00000010 0000000f 0000000e 0000000d 0000000c 0000000b 0000000a 00000009 00000008 00000007 00000006 00000005 00000004 00000003 00000002 00000001 00000000 
core   0: 0x80000378 (0x02234057) vadd.vx v0, v2, x6
core   0: 3 0x80000378 (0x02234057) c8_vstart 0x00000000 e32 m1 l32 v0  ffffffff 0x0000001f 0000001e 0000001d 0000001c 0000001b 0000001a 00000019 00000018 00000017 00000016 00000015 00000014 00000013 00000012 00000011 00000010 0000000f 0000000e 0000000d 0000000c 0000000b 0000000a 00000009 00000008 00000007 00000006 00000005 00000004 00000003 00000002 00000001 00000000 
core   0: 0x8000037c (0x01852e03) lw      x28, 24(x10)
core   0: 3 0x8000037c (0x01852e03) x28 0x00000004 mem 0x90024018
core   0: 0x80000380 (0x8a0e6057) vremu.vx v0, v0, x28
core   0: 3 0x80000380 (0x8a0e6057) c8_vstart 0x00000000 e32 m1 l32 v0  ffffffff 0x00000003 00000002 00000001 00000000 00000003 00000002 00000001 00000000 00000003 00000002 00000001 00000000 00000003 00000002 00000001 00000000 00000003 00000002 00000001 00000000 00000003 00000002 00000001 00000000 00000003 00000002 00000001 00000000 00000003 00000002 00000001 00000000 
core   0: 0x80000384 (0xffc12083) lw      x1, -4(x2)
core   0: 3 0x80000384 (0xffc12083) x1  0x80000448 mem 0x70000020
core   0: 0x80000388 (0xffc10113) addi    x2, x2, -4
core   0: 3 0x80000388 (0xffc10113) x2  0x70000020
core   0: 0x8000038c (0x00008067) ret
core   0: 3 0x8000038c (0x00008067)
core   0: 0x80000448 (0x80302573) csrr    x10, knl
core   0: 3 0x80000448 (0x80302573) x10 0x90024000
core   0: 0x8000044c (0x80802373) csrr    x6, gidx
core   0: 3 0x8000044c (0x80802373) x6  0x00000000
core   0: 0x80000450 (0x01852e03) lw      x28, 24(x10)
core   0: 3 0x80000450 (0x01852e03) x28 0x00000004 mem 0x90024018
core   0: 0x80000454 (0x02452e83) lw      x29, 36(x10)
core   0: 3 0x80000454 (0x02452e83) x29 0x00000000 mem 0x90024024
core   0: 0x80000458 (0x03c30fb3) mul     x31, x6, x28
core   0: 3 0x80000458 (0x03c30fb3) x31 0x00000000
core   0: 0x8000045c (0x01df8fb3) add     x31, x31, x29
core   0: 3 0x8000045c (0x01df8fb3) x31 0x00000000
core   0: 0x80000460 (0x020fc057) vadd.vx v0, v0, x31
core   0: 3 0x80000460 (0x020fc057) c8_vstart 0x00000000 e32 m1 l32 v0  ffffffff 0x00000003 00000002 00000001 00000000 00000003 00000002 00000001 00000000 00000003 00000002 00000001 00000000 00000003 00000002 00000001 00000000 00000003 00000002 00000001 00000000 00000003 00000002 00000001 00000000 00000003 00000002 00000001 00000000 00000003 00000002 00000001 00000000 
core   0: 0x80000464 (0xffc12083) lw      x1, -4(x2)
core   0: 3 0x80000464 (0xffc12083) x1  0x80000340 mem 0x7000001c
core   0: 0x80000468 (0xffc10113) addi    x2, x2, -4
core   0: 3 0x80000468 (0xffc10113) x2  0x7000001c
core   0: 0x8000046c (0x00008067) ret
core   0: 3 0x8000046c (0x00008067)
core   0: 0x80000340 (0x0100006f) j       pc + 0x10
core   0: 3 0x80000340 (0x0100006f)
core   0: 0x80000350 (0x0000205b) join    v0, v0, pc + 0
core   0: 3 0x80000350 (0x0000205b) current mask:	ffffffff current npc:	80000338 stack size: 0
core   0: 0x80000354 (0xffc12083) lw      x1, -4(x2)
core   0: 3 0x80000354 (0xffc12083) x1  0x800001bc mem 0x70000018
core   0: 0x80000358 (0xffc10113) addi    x2, x2, -4
core   0: 3 0x80000358 (0xffc10113) x2  0x70000018
core   0: 0x8000035c (0x00008067) ret
core   0: 3 0x8000035c (0x00008067)
core   0: 0x800001bc (0x0010200b) regext  x0, x0,  0 0 0 1 
core   0: 3 0x800001bc (0x0010200b)
core   0: 0x800001c0 (0x020040d7) vadd.vx v1, v0, x0
core   0: 3 0x800001c0 (0x020040d7) c8_vstart 0x00000000 e32 m1 l32 v33 ffffffff 0x00000003 00000002 00000001 00000000 00000003 00000002 00000001 00000000 00000003 00000002 00000001 00000000 00000003 00000002 00000001 00000000 00000003 00000002 00000001 00000000 00000003 00000002 00000001 00000000 00000003 00000002 00000001 00000000 00000003 00000002 00000001 00000000 
core   0: 0x800001c4 (0x00100293) li      x5, 1
core   0: 3 0x800001c4 (0x00100293) x5  0x00000001
core   0: 0x800001c8 (0x5e02c057) vmv.v.x v0, x5
core   0: 3 0x800001c8 (0x5e02c057) c8_vstart 0x00000000 e32 m1 l32 v0  ffffffff 0x00000001 00000001 00000001 00000001 00000001 00000001 00000001 00000001 00000001 00000001 00000001 00000001 00000001 00000001 00000001 00000001 00000001 00000001 00000001 00000001 00000001 00000001 00000001 00000001 00000001 00000001 00000001 00000001 00000001 00000001 00000001 00000001 
core   0: 0x800001cc (0x11c000ef) jal     pc + 0x11c
core   0: 3 0x800001cc (0x11c000ef) x1  0x800001d0
core   0: 0x800002e8 (0x00410113) addi    x2, x2, 4
core   0: 3 0x800002e8 (0x00410113) x2  0x7000001c
core   0: 0x800002ec (0xfe112e23) sw      x1, -4(x2)
core   0: 3 0x800002ec (0xfe112e23) mem 0x70000018 0x800001d0
core   0: 0x800002f0 (0x020040d7) vadd.vx v1, v0, x0
core   0: 3 0x800002f0 (0x020040d7) c8_vstart 0x00000000 e32 m1 l32 v1  ffffffff 0x00000001 00000001 00000001 00000001 00000001 00000001 00000001 00000001 00000001 00000001 00000001 00000001 00000001 00000001 00000001 00000001 00000001 00000001 00000001 00000001 00000001 00000001 00000001 00000001 00000001 00000001 00000001 00000001 00000001 00000001 00000001 00000001 
core   0: 0x800002f4 (0x00200293) li      x5, 2
core   0: 3 0x800002f4 (0x00200293) x5  0x00000002
core   0: 0x800002f8 (0x5e02c057) vmv.v.x v0, x5
core   0: 3 0x800002f8 (0x5e02c057) c8_vstart 0x00000000 e32 m1 l32 v0  ffffffff 0x00000002 00000002 00000002 00000002 00000002 00000002 00000002 00000002 00000002 00000002 00000002 00000002 00000002 00000002 00000002 00000002 00000002 00000002 00000002 00000002 00000002 00000002 00000002 00000002 00000002 00000002 00000002 00000002 00000002 00000002 00000002 00000002 
core   0: 0x800002fc (0x00000317) auipc   x6, 0x0
core   0: 3 0x800002fc (0x00000317) x6  0x800002fc
core   0: 0x80000300 (0x0543305b) setrpc  x0, x6, 84
core   0: 3 0x80000300 (0x0543305b) c2060_rpc 0x80000350 current mask:	ffffffff current npc:	80000338 stack size: 0
core   0: 0x80000304 (0x0410045b) vbeq    v1, v0, pc + 72
core   0: 3 0x80000304 (0x0410045b) c8_vstart 0x00000000 e32 m1 l32 current mask:	ffffffff current npc:	80000308 stack size: 0
core   0: 0x80000308 (0x0040006f) j       pc + 0x4
core   0: 3 0x80000308 (0x0040006f)
core   0: 0x8000030c (0x00100293) li      x5, 1
core   0: 3 0x8000030c (0x00100293) x5  0x00000001
core   0: 0x80000310 (0x5e02c057) vmv.v.x v0, x5
core   0: 3 0x80000310 (0x5e02c057) c8_vstart 0x00000000 e32 m1 l32 v0  ffffffff 0x00000001 00000001 00000001 00000001 00000001 00000001 00000001 00000001 00000001 00000001 00000001 00000001 00000001 00000001 00000001 00000001 00000001 00000001 00000001 00000001 00000001 00000001 00000001 00000001 00000001 00000001 00000001 00000001 00000001 00000001 00000001 00000001 
core   0: 0x80000314 (0x00000317) auipc   x6, 0x0
core   0: 3 0x80000314 (0x00000317) x6  0x80000314
core   0: 0x80000318 (0x03c3305b) setrpc  x0, x6, 60
core   0: 3 0x80000318 (0x03c3305b) c2060_rpc 0x80000350 current mask:	ffffffff current npc:	80000308 stack size: 0
core   0: 0x8000031c (0x0210045b) vbeq    v1, v0, pc + 40
core   0: 3 0x8000031c (0x0210045b) c8_vstart 0x00000000 e32 m1 l32 current mask:	ffffffff current npc:	80000344 stack size: 0
core   0: 0x80000344 (0x12c000ef) jal     pc + 0x12c
core   0: 3 0x80000344 (0x12c000ef) x1  0x80000348
core   0: 0x80000470 (0x00410113) addi    x2, x2, 4
core   0: 3 0x80000470 (0x00410113) x2  0x70000020
core   0: 0x80000474 (0xfe112e23) sw      x1, -4(x2)
core   0: 3 0x80000474 (0xfe112e23) mem 0x7000001c 0x80000348
core   0: 0x80000478 (0xf19ff0ef) jal     pc - 0xe8
core   0: 3 0x80000478 (0xf19ff0ef) x1  0x8000047c
core   0: 0x80000390 (0x00410113) addi    x2, x2, 4
core   0: 3 0x80000390 (0x00410113) x2  0x70000024
core   0: 0x80000394 (0xfe112e23) sw      x1, -4(x2)
core   0: 3 0x80000394 (0xfe112e23) mem 0x70000020 0x8000047c
core   0: 0x80000398 (0x80302573) csrr    x10, knl
core   0: 3 0x80000398 (0x80302573) x10 0x90024000
core   0: 0x8000039c (0x00852283) lw      x5, 8(x10)
core   0: 3 0x8000039c (0x00852283) x5  0x00000002 mem 0x90024008
core   0: 0x800003a0 (0x80002373) csrr    x6, tid
core   0: 3 0x800003a0 (0x80002373) x6  0x00000000
core   0: 0x800003a4 (0x5208a157) vid.v   v2
core   0: 3 0x800003a4 (0x5208a157) c8_vstart 0x00000000 e32 m1 l32 v2  ffffffff 0x0000001f 0000001e 0000001d 0000001c 0000001b 0000001a 00000019 00000018 00000017 00000016 00000015 00000014 00000013 00000012 00000011 00000010 0000000f 0000000e 0000000d 0000000c 0000000b 0000000a 00000009 00000008 00000007 00000006 00000005 00000004 00000003 00000002 00000001 00000000 
core   0: 0x800003a8 (0x02234057) vadd.vx v0, v2, x6
core   0: 3 0x800003a8 (0x02234057) c8_vstart 0x00000000 e32 m1 l32 v0  ffffffff 0x0000001f 0000001e 0000001d 0000001c 0000001b 0000001a 00000019 00000018 00000017 00000016 00000015 00000014 00000013 00000012 00000011 00000010 0000000f 0000000e 0000000d 0000000c 0000000b 0000000a 00000009 00000008 00000007 00000006 00000005 00000004 00000003 00000002 00000001 00000000 
core   0: 0x800003ac (0x01852e03) lw      x28, 24(x10)
core   0: 3 0x800003ac (0x01852e03) x28 0x00000004 mem 0x90024018
core   0: 0x800003b0 (0x01c52e83) lw      x29, 28(x10)
core   0: 3 0x800003b0 (0x01c52e83) x29 0x00000004 mem 0x9002401c
core   0: 0x800003b4 (0x03ce8f33) mul     x30, x29, x28
core   0: 3 0x800003b4 (0x03ce8f33) x30 0x00000010
core   0: 0x800003b8 (0x8a0f6057) vremu.vx v0, v0, x30
core   0: 3 0x800003b8 (0x8a0f6057) c8_vstart 0x00000000 e32 m1 l32 v0  ffffffff 0x0000000f 0000000e 0000000d 0000000c 0000000b 0000000a 00000009 00000008 00000007 00000006 00000005 00000004 00000003 00000002 00000001 00000000 0000000f 0000000e 0000000d 0000000c 0000000b 0000000a 00000009 00000008 00000007 00000006 00000005 00000004 00000003 00000002 00000001 00000000 
core   0: 0x800003bc (0x820e6057) vdivu.vx v0, v0, x28
core   0: 3 0x800003bc (0x820e6057) c8_vstart 0x00000000 e32 m1 l32 v0  ffffffff 0x00000003 00000003 00000003 00000003 00000002 00000002 00000002 00000002 00000001 00000001 00000001 00000001 00000000 00000000 00000000 00000000 00000003 00000003 00000003 00000003 00000002 00000002 00000002 00000002 00000001 00000001 00000001 00000001 00000000 00000000 00000000 00000000 
core   0: 0x800003c0 (0x5e0ec0d7) vmv.v.x v1, x29
core   0: 3 0x800003c0 (0x5e0ec0d7) c8_vstart 0x00000000 e32 m1 l32 v1  ffffffff 0x00000004 00000004 00000004 00000004 00000004 00000004 00000004 00000004 00000004 00000004 00000004 00000004 00000004 00000004 00000004 00000004 00000004 00000004 00000004 00000004 00000004 00000004 00000004 00000004 00000004 00000004 00000004 00000004 00000004 00000004 00000004 00000004 
core   0: 0x800003c4 (0x00000317) auipc   x6, 0x0
core   0: 3 0x800003c4 (0x00000317) x6  0x800003c4
core   0: 0x800003c8 (0x0143305b) setrpc  x0, x6, 20
core   0: 3 0x800003c8 (0x0143305b) c2060_rpc 0x800003d8 current mask:	ffffffff current npc:	80000344 stack size: 0
core   0: 0x800003cc (0x0000c65b) vblt    v0, v1, pc + 12
core   0: 3 0x800003cc (0x0000c65b) c8_vstart 0x00000000 e32 m1 l32 current mask:	ffffffff current npc:	800003d8 stack size: 0
core   0: 0x800003d8 (0x0000205b) join    v0, v0, pc + 0
core   0: 3 0x800003d8 (0x0000205b) current mask:	ffffffff current npc:	800003d8 stack size: 0
core   0: 0x800003dc (0xffc12083) lw      x1, -4(x2)
core   0: 3 0x800003dc (0xffc12083) x1  0x8000047c mem 0x70000020
core   0: 0x800003e0 (0xffc10113) addi    x2, x2, -4
core   0: 3 0x800003e0 (0xffc10113) x2  0x70000020
core   0: 0x800003e4 (0x00008067) ret
core   0: 3 0x800003e4 (0x00008067)
core   0: 0x8000047c (0x80902373) csrr    x6, gidy
core   0: 3 0x8000047c (0x80902373) x6  0x00000000
core   0: 0x80000480 (0x01c52383) lw      x7, 28(x10)
core   0: 3 0x80000480 (0x01c52383) x7  0x00000004 mem 0x9002401c
core   0: 0x80000484 (0x02852e83) lw      x29, 40(x10)
core   0: 3 0x80000484 (0x02852e83) x29 0x00000000 mem 0x90024028
core   0: 0x80000488 (0x02730e33) mul     x28, x6, x7
core   0: 3 0x80000488 (0x02730e33) x28 0x00000000
core   0: 0x8000048c (0x01de0e33) add     x28, x28, x29
core   0: 3 0x8000048c (0x01de0e33) x28 0x00000000
core   0: 0x80000490 (0x020e4057) vadd.vx v0, v0, x28
core   0: 3 0x80000490 (0x020e4057) c8_vstart 0x00000000 e32 m1 l32 v0  ffffffff 0x00000003 00000003 00000003 00000003 00000002 00000002 00000002 00000002 00000001 00000001 00000001 00000001 00000000 00000000 00000000 00000000 00000003 00000003 00000003 00000003 00000002 00000002 00000002 00000002 00000001 00000001 00000001 00000001 00000000 00000000 00000000 00000000 
core   0: 0x80000494 (0xffc12083) lw      x1, -4(x2)
core   0: 3 0x80000494 (0xffc12083) x1  0x80000348 mem 0x7000001c
core   0: 0x80000498 (0xffc10113) addi    x2, x2, -4
core   0: 3 0x80000498 (0xffc10113) x2  0x7000001c
core   0: 0x8000049c (0x00008067) ret
core   0: 3 0x8000049c (0x00008067)
core   0: 0x80000348 (0x0080006f) j       pc + 0x8
core   0: 3 0x80000348 (0x0080006f)
core   0: 0x80000350 (0x0000205b) join    v0, v0, pc + 0
core   0: 3 0x80000350 (0x0000205b) current mask:	ffffffff current npc:	800003d8 stack size: 0
core   0: 0x80000354 (0xffc12083) lw      x1, -4(x2)
core   0: 3 0x80000354 (0xffc12083) x1  0x800001d0 mem 0x70000018
core   0: 0x80000358 (0xffc10113) addi    x2, x2, -4
core   0: 3 0x80000358 (0xffc10113) x2  0x70000018
core   0: 0x8000035c (0x00008067) ret
core   0: 3 0x8000035c (0x00008067)
core   0: 0x800001d0 (0xffc12483) lw      x9, -4(x2)
core   0: 3 0x800001d0 (0xffc12483) x9  0x00000004 mem 0x70000014
core   0: 0x800001d4 (0xff812383) lw      x7, -8(x2)
core   0: 3 0x800001d4 (0xff812383) x7  0x00000002 mem 0x70000010
core   0: 0x800001d8 (0x5e0040d7) vmv.v.x v1, x0
core   0: 3 0x800001d8 (0x5e0040d7) c8_vstart 0x00000000 e32 m1 l32 v1  ffffffff 0x00000000 00000000 00000000 00000000 00000000 00000000 00000000 00000000 00000000 00000000 00000000 00000000 00000000 00000000 00000000 00000000 00000000 00000000 00000000 00000000 00000000 00000000 00000000 00000000 00000000 00000000 00000000 00000000 00000000 00000000 00000000 00000000 
core   0: 0x800001dc (0xfff3c293) not     x5, x7
core   0: 3 0x800001dc (0xfff3c293) x5  0xfffffffd
core   0: 0x800001e0 (0x009282b3) add     x5, x5, x9
core   0: 3 0x800001e0 (0x009282b3) x5  0x00000001
core   0: 0x800001e4 (0x0400200b) regext  x0, x0,  0 1 0 0 
core   0: 3 0x800001e4 (0x0400200b)
core   0: 0x800001e8 (0x6e12c157) vmslt.vx v2, v1, x5
core   0: 3 0x800001e8 (0x6e12c157) c8_vstart 0x00000000 e32 m1 l32 v2  ffffffff 0x00000000 00000000 00000000 00000001 00000000 00000000 00000000 00000001 00000000 00000000 00000000 00000001 00000000 00000000 00000000 00000001 00000000 00000000 00000000 00000001 00000000 00000000 00000000 00000001 00000000 00000000 00000000 00000001 00000000 00000000 00000000 00000001 
core   0: 0x800001ec (0x407482b3) sub     x5, x9, x7
core   0: 3 0x800001ec (0x407482b3) x5  0x00000002
core   0: 0x800001f0 (0x6e02c1d7) vmslt.vx v3, v0, x5
core   0: 3 0x800001f0 (0x6e02c1d7) c8_vstart 0x00000000 e32 m1 l32 v3  ffffffff 0x00000000 00000000 00000000 00000000 00000000 00000000 00000000 00000000 00000001 00000001 00000001 00000001 00000001 00000001 00000001 00000001 00000000 00000000 00000000 00000000 00000000 00000000 00000000 00000000 00000001 00000001 00000001 00000001 00000001 00000001 00000001 00000001 
core   0: 0x800001f4 (0x26218157) vand.vv v2, v2, v3
core   0: 3 0x800001f4 (0x26218157) c8_vstart 0x00000000 e32 m1 l32 v2  ffffffff 0x00000000 00000000 00000000 00000000 00000000 00000000 00000000 00000000 00000000 00000000 00000000 00000001 00000000 00000000 00000000 00000001 00000000 00000000 00000000 00000000 00000000 00000000 00000000 00000000 00000000 00000000 00000000 00000001 00000000 00000000 00000000 00000001 
core   0: 0x800001f8 (0x00000317) auipc   x6, 0x0
core   0: 3 0x800001f8 (0x00000317) x6  0x800001f8
core   0: 0x800001fc (0x0cc3305b) setrpc  x0, x6, 204
core   0: 3 0x800001fc (0x0cc3305b) c2060_rpc 0x800002c4 current mask:	ffffffff current npc:	800003d8 stack size: 0
core   0: 0x80000200 (0x0c20825b) vbeq    v2, v1, pc + 196
core   0: 3 0x80000200 (0x0c20825b) c8_vstart 0x00000000 e32 m1 l32 current mask:	00110011 current npc:	80000204 stack size: 2
[r_pc] 800002c4 [else_pc] 800002c4 [else_mask] ffeeffee 
[r_pc] 800002c4 [else_pc] 800002c4 [else_mask] ffffffff 
core   0: 0x80000204 (0x0040006f) j       pc + 0x4
core   0: 3 0x80000204 (0x0040006f)
core   0: 0x80000208 (0x5e0041d7) vmv.v.x v3, x0
core   0: 3 0x80000208 (0x5e0041d7) c8_vstart 0x00000000 e32 m1 l32 v3  00110011 0x00000000 00000000 00000000 00000000 00000000 00000000 00000000 00000000 00000001 00000001 00000001 00000000 00000001 00000001 00000001 00000000 00000000 00000000 00000000 00000000 00000000 00000000 00000000 00000000 00000001 00000001 00000001 00000000 00000001 00000001 00000001 00000000 
core   0: 0x8000020c (0x5e03c157) vmv.v.x v2, x7
core   0: 3 0x8000020c (0x5e03c157) c8_vstart 0x00000000 e32 m1 l32 v2  00110011 0x00000000 00000000 00000000 00000000 00000000 00000000 00000000 00000000 00000000 00000000 00000000 00000002 00000000 00000000 00000000 00000002 00000000 00000000 00000000 00000000 00000000 00000000 00000000 00000000 00000000 00000000 00000000 00000002 00000000 00000000 00000000 00000002 
core   0: 0x80000210 (0x0400200b) regext  x0, x0,  0 1 0 0 
core   0: 3 0x80000210 (0x0400200b)
core   0: 0x80000214 (0x0213c0d7) vadd.vx v1, v1, x7
core   0: 3 0x80000214 (0x0213c0d7) c8_vstart 0x00000000 e32 m1 l32 v1  00110011 0x00000000 00000000 00000000 00000000 00000000 00000000 00000000 00000000 00000000 00000000 00000000 00000002 00000000 00000000 00000000 00000002 00000000 00000000 00000000 00000000 00000000 00000000 00000000 00000000 00000000 00000000 00000000 00000002 00000000 00000000 00000000 00000002 
core   0: 0x80000218 (0x0210b0d7) vadd.vi v1, v1, 1
core   0: 3 0x80000218 (0x0210b0d7) c8_vstart 0x00000000 e32 m1 l32 v1  00110011 0x00000000 00000000 00000000 00000000 00000000 00000000 00000000 00000000 00000000 00000000 00000000 00000003 00000000 00000000 00000000 00000003 00000000 00000000 00000000 00000000 00000000 00000000 00000000 00000000 00000000 00000000 00000000 00000003 00000000 00000000 00000000 00000003 
core   0: 0x8000021c (0x5e04c257) vmv.v.x v4, x9
core   0: 3 0x8000021c (0x5e04c257) c8_vstart 0x00000000 e32 m1 l32 v4  00110011 0x00000000 00000000 00000000 00000000 00000000 00000000 00000000 00000000 00000000 00000000 00000000 00000004 00000000 00000000 00000000 00000004 00000000 00000000 00000000 00000000 00000000 00000000 00000000 00000000 00000000 00000000 00000000 00000004 00000000 00000000 00000000 00000004 
core   0: 0x80000220 (0x021042d7) vadd.vx v5, v1, x0
core   0: 3 0x80000220 (0x021042d7) c8_vstart 0x00000000 e32 m1 l32 v5  00110011 0x00000000 00000000 00000000 00000000 00000000 00000000 00000000 00000000 00000000 00000000 00000000 00000003 00000000 00000000 00000000 00000003 00000000 00000000 00000000 00000000 00000000 00000000 00000000 00000000 00000000 00000000 00000000 00000003 00000000 00000000 00000000 00000003 
core   0: 0x80000224 (0xa624e2d7) vmadd.vx v5, v2, x9
core   0: 3 0x80000224 (0xa624e2d7) c8_vstart 0x00000000 e32 m1 l32 v5  00110011 0x00000000 00000000 00000000 00000000 00000000 00000000 00000000 00000000 00000000 00000000 00000000 0000000e 00000000 00000000 00000000 0000000e 00000000 00000000 00000000 00000000 00000000 00000000 00000000 00000000 00000000 00000000 00000000 0000000e 00000000 00000000 00000000 0000000e 
core   0: 0x80000228 (0x965132d7) vsll.vi v5, v5, 2
core   0: 3 0x80000228 (0x965132d7) c8_vstart 0x00000000 e32 m1 l32 v5  00110011 0x00000000 00000000 00000000 00000000 00000000 00000000 00000000 00000000 00000000 00000000 00000000 00000038 00000000 00000000 00000000 00000038 00000000 00000000 00000000 00000000 00000000 00000000 00000000 00000000 00000000 00000000 00000000 00000038 00000000 00000000 00000000 00000038 
core   0: 0x8000022c (0xff412303) lw      x6, -12(x2)
core   0: 3 0x8000022c (0xff412303) x6  0x90002000 mem 0x7000000c
core   0: 0x80000230 (0x029382b3) mul     x5, x7, x9
core   0: 3 0x80000230 (0x029382b3) x5  0x00000008
core   0: 0x80000234 (0x025342d7) vadd.vx v5, v5, x6
core   0: 3 0x80000234 (0x025342d7) c8_vstart 0x00000000 e32 m1 l32 v5  00110011 0x00000000 00000000 00000000 00000000 00000000 00000000 00000000 00000000 00000000 00000000 00000000 90002038 00000000 00000000 00000000 90002038 00000000 00000000 00000000 00000000 00000000 00000000 00000000 00000000 00000000 00000000 00000000 90002038 00000000 00000000 00000000 90002038 
core   0: 0x80000238 (0x0002a2fb) vlw12.v v5, v5, 0
core   0: 3 0x80000238 (0x0002a2fb) e32 m1 l32 v5  00110011 0x00000000 00000000 00000000 00000000 00000000 00000000 00000000 00000000 00000000 00000000 00000000 be8d0fac 00000000 00000000 00000000 be8d0fac 00000000 00000000 00000000 00000000 00000000 00000000 00000000 00000000 00000000 00000000 00000000 be8d0fac 00000000 00000000 00000000 be8d0fac  c8_vstart 0x00000000 mem 0x90002038 mem 0x90002038 mem 0x90002038 mem 0x90002038
core   0: 0x8000023c (0x02010357) vadd.vv v6, v0, v2
core   0: 3 0x8000023c (0x02010357) c8_vstart 0x00000000 e32 m1 l32 v6  00110011 0x00000000 00000000 00000000 00000000 00000000 00000000 00000000 00000000 00000000 00000000 00000000 00000003 00000000 00000000 00000000 00000002 00000000 00000000 00000000 00000000 00000000 00000000 00000000 00000000 00000000 00000000 00000000 00000003 00000000 00000000 00000000 00000002 
core   0: 0x80000240 (0x0262c157) vadd.vx v2, v6, x5
core   0: 3 0x80000240 (0x0262c157) c8_vstart 0x00000000 e32 m1 l32 v2  00110011 0x00000000 00000000 00000000 00000000 00000000 00000000 00000000 00000000 00000000 00000000 00000000 0000000b 00000000 00000000 00000000 0000000a 00000000 00000000 00000000 00000000 00000000 00000000 00000000 00000000 00000000 00000000 00000000 0000000b 00000000 00000000 00000000 0000000a 
core   0: 0x80000244 (0x96213157) vsll.vi v2, v2, 2
core   0: 3 0x80000244 (0x96213157) c8_vstart 0x00000000 e32 m1 l32 v2  00110011 0x00000000 00000000 00000000 00000000 00000000 00000000 00000000 00000000 00000000 00000000 00000000 0000002c 00000000 00000000 00000000 00000028 00000000 00000000 00000000 00000000 00000000 00000000 00000000 00000000 00000000 00000000 00000000 0000002c 00000000 00000000 00000000 00000028 
core   0: 0x80000248 (0xff012303) lw      x6, -16(x2)
core   0: 3 0x80000248 (0xff012303) x6  0x90000000 mem 0x70000008
core   0: 0x8000024c (0x5e0343d7) vmv.v.x v7, x6
core   0: 3 0x8000024c (0x5e0343d7) c8_vstart 0x00000000 e32 m1 l32 v7  00110011 0x00000000 00000000 00000000 00000000 00000000 00000000 00000000 00000000 00000000 00000000 00000000 90000000 00000000 00000000 00000000 90000000 00000000 00000000 00000000 00000000 00000000 00000000 00000000 00000000 00000000 00000000 00000000 90000000 00000000 00000000 00000000 90000000 
core   0: 0x80000250 (0x02234157) vadd.vx v2, v2, x6
core   0: 3 0x80000250 (0x02234157) c8_vstart 0x00000000 e32 m1 l32 v2  00110011 0x00000000 00000000 00000000 00000000 00000000 00000000 00000000 00000000 00000000 00000000 00000000 9000002c 00000000 00000000 00000000 90000028 00000000 00000000 00000000 00000000 00000000 00000000 00000000 00000000 00000000 00000000 00000000 9000002c 00000000 00000000 00000000 90000028 
core   0: 0x80000254 (0x0001247b) vlw12.v v8, v2, 0
core   0: 3 0x80000254 (0x0001247b) e32 m1 l32 v8  00110011 0x00000000 00000000 00000000 00000000 00000000 00000000 00000000 00000000 00000000 00000000 00000000 bf920d21 00000000 00000000 00000000 bf40fc10 00000000 00000000 00000000 00000000 00000000 00000000 00000000 00000000 00000000 00000000 00000000 bf920d21 00000000 00000000 00000000 bf40fc10  c8_vstart 0x00000000 mem 0x90000028 mem 0x9000002c mem 0x90000028 mem 0x9000002c
core   0: 0x80000258 (0x02104157) vadd.vx v2, v1, x0
core   0: 3 0x80000258 (0x02104157) c8_vstart 0x00000000 e32 m1 l32 v2  00110011 0x00000000 00000000 00000000 00000000 00000000 00000000 00000000 00000000 00000000 00000000 00000000 00000003 00000000 00000000 00000000 00000003 00000000 00000000 00000000 00000000 00000000 00000000 00000000 00000000 00000000 00000000 00000000 00000003 00000000 00000000 00000000 00000003 
core   0: 0x8000025c (0xa6622157) vmadd.vv v2, v6, v4
core   0: 3 0x8000025c (0xa6622157) c8_vstart 0x00000000 e32 m1 l32 v2  00110011 0x00000000 00000000 00000000 00000000 00000000 00000000 00000000 00000000 00000000 00000000 00000000 0000000f 00000000 00000000 00000000 0000000e 00000000 00000000 00000000 00000000 00000000 00000000 00000000 00000000 00000000 00000000 00000000 0000000f 00000000 00000000 00000000 0000000e 
core   0: 0x80000260 (0x96213257) vsll.vi v4, v2, 2
core   0: 3 0x80000260 (0x96213257) c8_vstart 0x00000000 e32 m1 l32 v4  00110011 0x00000000 00000000 00000000 00000000 00000000 00000000 00000000 00000000 00000000 00000000 00000000 0000003c 00000000 00000000 00000000 00000038 00000000 00000000 00000000 00000000 00000000 00000000 00000000 00000000 00000000 00000000 00000000 0000003c 00000000 00000000 00000000 00000038 
core   0: 0x80000264 (0x02720257) vadd.vv v4, v7, v4
core   0: 3 0x80000264 (0x02720257) c8_vstart 0x00000000 e32 m1 l32 v4  00110011 0x00000000 00000000 00000000 00000000 00000000 00000000 00000000 00000000 00000000 00000000 00000000 9000003c 00000000 00000000 00000000 90000038 00000000 00000000 00000000 00000000 00000000 00000000 00000000 00000000 00000000 00000000 00000000 9000003c 00000000 00000000 00000000 90000038 
core   0: 0x80000268 (0x0002237b) vlw12.v v6, v4, 0
core   0: 3 0x80000268 (0x0002237b) e32 m1 l32 v6  00110011 0x00000000 00000000 00000000 00000000 00000000 00000000 00000000 00000000 00000000 00000000 00000000 3f50bd0b 00000000 00000000 00000000 3e54ad4b 00000000 00000000 00000000 00000000 00000000 00000000 00000000 00000000 00000000 00000000 00000000 3f50bd0b 00000000 00000000 00000000 3e54ad4b  c8_vstart 0x00000000 mem 0x90000038 mem 0x9000003c mem 0x90000038 mem 0x9000003c
core   0: 0x8000026c (0x265292d7) vfsgnjn.vv v5, v5, v5
core   0: 3 0x8000026c (0x265292d7) c8_vstart 0x00000000 e32 m1 l32 v5  00110011 0x00000000 00000000 00000000 00000000 00000000 00000000 00000000 00000000 00000000 00000000 00000000 3e8d0fac 00000000 00000000 00000000 3e8d0fac 00000000 00000000 00000000 00000000 00000000 00000000 00000000 00000000 00000000 00000000 00000000 3e8d0fac 00000000 00000000 00000000 3e8d0fac 
core   0: 0x80000270 (0xa26412d7) vfmadd.vv v5, v6, v8
core   0: 3 0x80000270 (0xa26412d7) c8_vstart 0x00000000 c1_fflags 0x00000001 e32 m1 l32 v5  00110011 0x00000000 00000000 00000000 00000000 00000000 00000000 00000000 00000000 00000000 00000000 00000000 3f0042df 00000000 00000000 00000000 32036a80 00000000 00000000 00000000 00000000 00000000 00000000 00000000 00000000 00000000 00000000 00000000 3f0042df 00000000 00000000 00000000 32036a80 
core   0: 0x80000274 (0x0052607b) vsw12.v v5, v4, 0
core   0: 3 0x80000274 (0x0052607b) c8_vstart 0x00000000 e32 m1 l32 mem 0x90000038 0x32036a80 mem 0x9000003c 0x3f0042df mem 0x90000038 0x32036a80 mem 0x9000003c 0x3f0042df
core   0: 0x80000278 (0x00000317) auipc   x6, 0x0
core   0: 3 0x80000278 (0x00000317) x6  0x80000278
core   0: 0x8000027c (0x04c3305b) setrpc  x0, x6, 76
core   0: 3 0x8000027c (0x04c3305b) c2060_rpc 0x800002c4 current mask:	00110011 current npc:	80000204 stack size: 2
[r_pc] 800002c4 [else_pc] 800002c4 [else_mask] ffeeffee 
[r_pc] 800002c4 [else_pc] 800002c4 [else_mask] ffffffff 
core   0: 0x80000280 (0x0401925b) vbne    v0, v3, pc + 68
core   0: 3 0x80000280 (0x0401925b) c8_vstart 0x00000000 e32 m1 l32 current mask:	00100010 current npc:	800002c4 stack size: 4
[r_pc] 800002c4 [else_pc] 80000284 [else_mask] 00010001 
[r_pc] 800002c4 [else_pc] 800002c4 [else_mask] 00110011 
[r_pc] 800002c4 [else_pc] 800002c4 [else_mask] ffeeffee 
[r_pc] 800002c4 [else_pc] 800002c4 [else_mask] ffffffff 
core   0: 0x800002c4 (0x0000205b) join    v0, v0, pc + 0
core   0: 3 0x800002c4 (0x0000205b) current mask:	00010001 current npc:	80000284 stack size: 3
[r_pc] 800002c4 [else_pc] 800002c4 [else_mask] 00110011 
[r_pc] 800002c4 [else_pc] 800002c4 [else_mask] ffeeffee 
[r_pc] 800002c4 [else_pc] 800002c4 [else_mask] ffffffff 
core   0: 0x80000284 (0x0040006f) j       pc + 0x4
core   0: 3 0x80000284 (0x0040006f)
core   0: 0x80000288 (0x96213057) vsll.vi v0, v2, 2
core   0: 3 0x80000288 (0x96213057) c8_vstart 0x00000000 e32 m1 l32 v0  00010001 0x00000003 00000003 00000003 00000003 00000002 00000002 00000002 00000002 00000001 00000001 00000001 00000001 00000000 00000000 00000000 00000038 00000003 00000003 00000003 00000003 00000002 00000002 00000002 00000002 00000001 00000001 00000001 00000001 00000000 00000000 00000000 00000038 
core   0: 0x8000028c (0xff412283) lw      x5, -12(x2)
core   0: 3 0x8000028c (0xff412283) x5  0x90002000 mem 0x7000000c
core   0: 0x80000290 (0x0202c057) vadd.vx v0, v0, x5
core   0: 3 0x80000290 (0x0202c057) c8_vstart 0x00000000 e32 m1 l32 v0  00010001 0x00000003 00000003 00000003 00000003 00000002 00000002 00000002 00000002 00000001 00000001 00000001 00000001 00000000 00000000 00000000 90002038 00000003 00000003 00000003 00000003 00000002 00000002 00000002 00000002 00000001 00000001 00000001 00000001 00000000 00000000 00000000 90002038 
core   0: 0x80000294 (0x0000207b) vlw12.v v0, v0, 0
core   0: 3 0x80000294 (0x0000207b) e32 m1 l32 v0  00010001 0x00000003 00000003 00000003 00000003 00000002 00000002 00000002 00000002 00000001 00000001 00000001 00000001 00000000 00000000 00000000 be8d0fac 00000003 00000003 00000003 00000003 00000002 00000002 00000002 00000002 00000001 00000001 00000001 00000001 00000000 00000000 00000000 be8d0fac  c8_vstart 0x00000000 mem 0x90002038 mem 0x90002038
core   0: 0x80000298 (0x00239293) slli    x5, x7, 2
core   0: 3 0x80000298 (0x00239293) x5  0x00000008
core   0: 0x8000029c (0xfec12303) lw      x6, -20(x2)
core   0: 3 0x8000029c (0xfec12303) x6  0x90001000 mem 0x70000004
core   0: 0x800002a0 (0x005302b3) add     x5, x6, x5
core   0: 3 0x800002a0 (0x005302b3) x5  0x90001008
core   0: 0x800002a4 (0x0002a283) lw      x5, 0(x5)
core   0: 3 0x800002a4 (0x0002a283) x5  0x3f5f3ec1 mem 0x90001008
core   0: 0x800002a8 (0x961130d7) vsll.vi v1, v1, 2
core   0: 3 0x800002a8 (0x961130d7) c8_vstart 0x00000000 e32 m1 l32 v1  00010001 0x00000000 00000000 00000000 00000000 00000000 00000000 00000000 00000000 00000000 00000000 00000000 00000003 00000000 00000000 00000000 0000000c 00000000 00000000 00000000 00000000 00000000 00000000 00000000 00000000 00000000 00000000 00000000 00000003 00000000 00000000 00000000 0000000c 
core   0: 0x800002ac (0x021340d7) vadd.vx v1, v1, x6
core   0: 3 0x800002ac (0x021340d7) c8_vstart 0x00000000 e32 m1 l32 v1  00010001 0x00000000 00000000 00000000 00000000 00000000 00000000 00000000 00000000 00000000 00000000 00000000 00000003 00000000 00000000 00000000 9000100c 00000000 00000000 00000000 00000000 00000000 00000000 00000000 00000000 00000000 00000000 00000000 00000003 00000000 00000000 00000000 9000100c 
core   0: 0x800002b0 (0x0000a17b) vlw12.v v2, v1, 0
core   0: 3 0x800002b0 (0x0000a17b) e32 m1 l32 v2  00010001 0x00000000 00000000 00000000 00000000 00000000 00000000 00000000 00000000 00000000 00000000 00000000 0000000f 00000000 00000000 00000000 befb461a 00000000 00000000 00000000 00000000 00000000 00000000 00000000 00000000 00000000 00000000 00000000 0000000f 00000000 00000000 00000000 befb461a  c8_vstart 0x00000000 mem 0x9000100c mem 0x9000100c
core   0: 0x800002b4 (0x26001057) vfsgnjn.vv v0, v0, v0
core   0: 3 0x800002b4 (0x26001057) c8_vstart 0x00000000 e32 m1 l32 v0  00010001 0x00000003 00000003 00000003 00000003 00000002 00000002 00000002 00000002 00000001 00000001 00000001 00000001 00000000 00000000 00000000 3e8d0fac 00000003 00000003 00000003 00000003 00000002 00000002 00000002 00000002 00000001 00000001 00000001 00000001 00000000 00000000 00000000 3e8d0fac 
core   0: 0x800002b8 (0x5e02c1d7) vmv.v.x v3, x5
core   0: 3 0x800002b8 (0x5e02c1d7) c8_vstart 0x00000000 e32 m1 l32 v3  00010001 0x00000000 00000000 00000000 00000000 00000000 00000000 00000000 00000000 00000001 00000001 00000001 00000000 00000001 00000001 00000001 3f5f3ec1 00000000 00000000 00000000 00000000 00000000 00000000 00000000 00000000 00000001 00000001 00000001 00000000 00000001 00000001 00000001 3f5f3ec1 
core   0: 0x800002bc (0xa2219057) vfmadd.vv v0, v2, v3
core   0: 3 0x800002bc (0xa2219057) c8_vstart 0x00000000 c1_fflags 0x00000001 e32 m1 l32 v0  00010001 0x00000003 00000003 00000003 00000003 00000002 00000002 00000002 00000002 00000001 00000001 00000001 00000001 00000000 00000000 00000000 be8042df 00000003 00000003 00000003 00000003 00000002 00000002 00000002 00000002 00000001 00000001 00000001 00000001 00000000 00000000 00000000 be8042df 
core   0: 0x800002c0 (0x0000e07b) vsw12.v v0, v1, 0
core   0: 3 0x800002c0 (0x0000e07b) c8_vstart 0x00000000 e32 m1 l32 mem 0x9000100c 0xbe8042df mem 0x9000100c 0xbe8042df
core   0: 0x800002c4 (0x0000205b) join    v0, v0, pc + 0
core   0: 3 0x800002c4 (0x0000205b) current mask:	00110011 current npc:	800002c4 stack size: 2
[r_pc] 800002c4 [else_pc] 800002c4 [else_mask] ffeeffee 
[r_pc] 800002c4 [else_pc] 800002c4 [else_mask] ffffffff 
core   0: 3 0x800002c4 (0x0000205b) current mask:	ffeeffee current npc:	800002c4 stack size: 1
[r_pc] 800002c4 [else_pc] 800002c4 [else_mask] ffffffff 
core   0: 3 0x800002c4 (0x0000205b) current mask:	ffffffff current npc:	800002c4 stack size: 0
core   0: 3 0x800002c4 (0x0000205b) current mask:	ffffffff current npc:	800002c4 stack size: 0
core   0: Executed 4 times
core   0: 0x800002c8 (0xfe812083) lw      x1, -24(x2)
core   0: 3 0x800002c8 (0xfe812083) x1  0x800000a0 mem 0x70000000
core   0: 0x800002cc (0x0090200b) regext  x0, x0,  0 0 1 1 
core   0: 3 0x800002cc (0x0090200b)
core   0: 0x800002d0 (0x7fc020ab) vlw.v   v1, x0, -4
core   0: 3 0x800002d0 (0x7fc020ab) e32 m1 l32 v33 ffffffff 0x00000000 00000000 00000000 00000000 00000000 00000000 00000000 00000000 00000000 00000000 00000000 00000000 00000000 00000000 00000000 00000000 00000000 00000000 00000000 00000000 00000000 00000000 00000000 00000000 00000000 00000000 00000000 00000000 00000000 00000000 00000000 00000000  c8_vstart 0x00000000 mem 0x90004000 mem 0x90004004 mem 0x90004008 mem 0x9000400c mem 0x90004010 mem 0x90004014 mem 0x90004018 mem 0x9000401c mem 0x90004020 mem 0x90004024 mem 0x90004028 mem 0x9000402c mem 0x90004030 mem 0x90004034 mem 0x90004038 mem 0x9000403c mem 0x90004040 mem 0x90004044 mem 0x90004048 mem 0x9000404c mem 0x90004050 mem 0x90004054 mem 0x90004058 mem 0x9000405c mem 0x90004060 mem 0x90004064 mem 0x90004068 mem 0x9000406c mem 0x90004070 mem 0x90004074 mem 0x90004078 mem 0x9000407c
core   0: 0x800002d4 (0xfe810113) addi    x2, x2, -24
core   0: 3 0x800002d4 (0xfe810113) x2  0x70000000
core   0: 0x800002d8 (0xffc20213) addi    x4, x4, -4
core   0: 3 0x800002d8 (0xffc20213) x4  0x00000000
core   0: 0x800002dc (0x0010200b) regext  x0, x0,  0 0 0 1 
core   0: 3 0x800002dc (0x0010200b)
core   0: 0x800002e0 (0x5e024057) vmv.v.x v0, x4
core   0: 3 0x800002e0 (0x5e024057) c8_vstart 0x00000000 e32 m1 l32 v32 ffffffff 0x00000000 00000000 00000000 00000000 00000000 00000000 00000000 00000000 00000000 00000000 00000000 00000000 00000000 00000000 00000000 00000000 00000000 00000000 00000000 00000000 00000000 00000000 00000000 00000000 00000000 00000000 00000000 00000000 00000000 00000000 00000000 00000000 
core   0: 0x800002e4 (0x00008067) ret
core   0: 3 0x800002e4 (0x00008067)
core   0: 0x800000a0 (0x0000400b) endprg  x0, x0, x0
core   0: 3 0x800000a0 (0x0000400b)
core   0: 0x800000a4 (0x0040006f) j       pc + 0x4
core   0: 3 0x800000a4 (0x0040006f)
core   0: 0x800000a8 (0x00100313) li      x6, 1
core   0: 3 0x800000a8 (0x00100313) x6  0x00000001
core   0: 0x800000ac (0x00001297) auipc   x5, 0x1
core   0: 3 0x800000ac (0x00001297) x5  0x800010ac
core   0: 0x800000b0 (0xf5428293) addi    x5, x5, -172
core   0: 3 0x800000b0 (0xf5428293) x5  0x80001000
core   0: 0x800000b4 (0x0062a023) sw      x6, 0(x5)
core   0: 3 0x800000b4 (0x0062a023) mem 0x80001000 0x00000001
